{"C:\\Users\\Lucas\\Desktop\\marenas-app\\App.js": {"path":"C:\\Users\\Lucas\\Desktop\\marenas-app\\App.js","statementMap":{"0":{"start":{"line":6,"column":2},"end":{"line":8,"column":3}}},"fnMap":{"0":{"name":"App","decl":{"start":{"line":5,"column":24},"end":{"line":5,"column":27}},"loc":{"start":{"line":5,"column":30},"end":{"line":9,"column":1}},"line":5}},"branchMap":{},"s":{"0":1},"f":{"0":1},"b":{},"_coverageSchema":"1a1c01bbd47fc00a2c39e90264f33305004495a9","hash":"4c17f1db387e9cf8c2c9a9f7432ff1ead3a85b20"}
,"C:\\Users\\Lucas\\Desktop\\marenas-app\\app\\navigations\\MisviajesStack.js": {"path":"C:\\Users\\Lucas\\Desktop\\marenas-app\\app\\navigations\\MisviajesStack.js","statementMap":{"0":{"start":{"line":7,"column":14},"end":{"line":7,"column":36}},"1":{"start":{"line":10,"column":4},"end":{"line":20,"column":5}}},"fnMap":{"0":{"name":"MisviajesStack","decl":{"start":{"line":9,"column":24},"end":{"line":9,"column":38}},"loc":{"start":{"line":9,"column":41},"end":{"line":22,"column":1}},"line":9}},"branchMap":{},"s":{"0":1,"1":0},"f":{"0":0},"b":{},"_coverageSchema":"1a1c01bbd47fc00a2c39e90264f33305004495a9","hash":"3127f4c9f40c0fd185881ed508150d3a0147785f"}
,"C:\\Users\\Lucas\\Desktop\\marenas-app\\app\\navigations\\Navigation.js": {"path":"C:\\Users\\Lucas\\Desktop\\marenas-app\\app\\navigations\\Navigation.js","statementMap":{"0":{"start":{"line":11,"column":12},"end":{"line":11,"column":38}},"1":{"start":{"line":14,"column":4},"end":{"line":36,"column":5}},"2":{"start":{"line":23,"column":47},"end":{"line":25,"column":17}},"3":{"start":{"line":24,"column":47},"end":{"line":24,"column":74}},"4":{"start":{"line":42,"column":4},"end":{"line":65,"column":5}},"5":{"start":{"line":45,"column":12},"end":{"line":45,"column":45}},"6":{"start":{"line":46,"column":12},"end":{"line":46,"column":18}},"7":{"start":{"line":49,"column":12},"end":{"line":49,"column":41}},"8":{"start":{"line":50,"column":12},"end":{"line":50,"column":18}},"9":{"start":{"line":52,"column":12},"end":{"line":52,"column":37}},"10":{"start":{"line":53,"column":12},"end":{"line":53,"column":18}},"11":{"start":{"line":56,"column":12},"end":{"line":56,"column":45}},"12":{"start":{"line":57,"column":12},"end":{"line":57,"column":18}},"13":{"start":{"line":60,"column":12},"end":{"line":60,"column":40}},"14":{"start":{"line":61,"column":12},"end":{"line":61,"column":18}},"15":{"start":{"line":64,"column":12},"end":{"line":64,"column":18}},"16":{"start":{"line":66,"column":4},"end":{"line":81,"column":5}}},"fnMap":{"0":{"name":"Navigation","decl":{"start":{"line":13,"column":24},"end":{"line":13,"column":34}},"loc":{"start":{"line":13,"column":37},"end":{"line":37,"column":1}},"line":13},"1":{"name":"(anonymous_1)","decl":{"start":{"line":23,"column":31},"end":{"line":23,"column":32}},"loc":{"start":{"line":23,"column":47},"end":{"line":25,"column":17}},"line":23},"2":{"name":"(anonymous_2)","decl":{"start":{"line":24,"column":32},"end":{"line":24,"column":33}},"loc":{"start":{"line":24,"column":47},"end":{"line":24,"column":74}},"line":24},"3":{"name":"screenOptions","decl":{"start":{"line":39,"column":9},"end":{"line":39,"column":22}},"loc":{"start":{"line":39,"column":37},"end":{"line":83,"column":1}},"line":39}},"branchMap":{"0":{"loc":{"start":{"line":42,"column":4},"end":{"line":65,"column":5}},"type":"switch","locations":[{"start":{"line":44,"column":8},"end":{"line":46,"column":18}},{"start":{"line":48,"column":8},"end":{"line":50,"column":18}},{"start":{"line":51,"column":8},"end":{"line":53,"column":18}},{"start":{"line":55,"column":8},"end":{"line":57,"column":18}},{"start":{"line":59,"column":8},"end":{"line":61,"column":18}},{"start":{"line":63,"column":8},"end":{"line":64,"column":18}}],"line":42},"1":{"loc":{"start":{"line":72,"column":19},"end":{"line":72,"column":60}},"type":"cond-expr","locations":[{"start":{"line":72,"column":41},"end":{"line":72,"column":48}},{"start":{"line":72,"column":51},"end":{"line":72,"column":60}}],"line":72},"2":{"loc":{"start":{"line":74,"column":33},"end":{"line":74,"column":76}},"type":"cond-expr","locations":[{"start":{"line":74,"column":55},"end":{"line":74,"column":60}},{"start":{"line":74,"column":63},"end":{"line":74,"column":76}}],"line":74},"3":{"loc":{"start":{"line":77,"column":24},"end":{"line":77,"column":52}},"type":"cond-expr","locations":[{"start":{"line":77,"column":46},"end":{"line":77,"column":48}},{"start":{"line":77,"column":51},"end":{"line":77,"column":52}}],"line":77}},"s":{"0":1,"1":1,"2":4,"3":8,"4":8,"5":2,"6":2,"7":2,"8":2,"9":2,"10":2,"11":0,"12":0,"13":2,"14":2,"15":0,"16":8},"f":{"0":1,"1":4,"2":8,"3":8},"b":{"0":[2,2,2,0,2,0],"1":[4,4],"2":[4,4],"3":[4,4]},"_coverageSchema":"1a1c01bbd47fc00a2c39e90264f33305004495a9","hash":"dbb8febdfbf23ce77eb03d05847d7d718bbd7172"}
,"C:\\Users\\Lucas\\Desktop\\marenas-app\\app\\navigations\\NotificacionesStack.js": {"path":"C:\\Users\\Lucas\\Desktop\\marenas-app\\app\\navigations\\NotificacionesStack.js","statementMap":{"0":{"start":{"line":7,"column":14},"end":{"line":7,"column":36}},"1":{"start":{"line":10,"column":4},"end":{"line":20,"column":5}}},"fnMap":{"0":{"name":"NotificacionesStack","decl":{"start":{"line":9,"column":24},"end":{"line":9,"column":43}},"loc":{"start":{"line":9,"column":46},"end":{"line":22,"column":1}},"line":9}},"branchMap":{},"s":{"0":1,"1":0},"f":{"0":0},"b":{},"_coverageSchema":"1a1c01bbd47fc00a2c39e90264f33305004495a9","hash":"e443859a66d3c2f5e9184f67a3e8bbed2145103e"}
,"C:\\Users\\Lucas\\Desktop\\marenas-app\\app\\navigations\\PerfilStack.js": {"path":"C:\\Users\\Lucas\\Desktop\\marenas-app\\app\\navigations\\PerfilStack.js","statementMap":{"0":{"start":{"line":7,"column":14},"end":{"line":7,"column":36}},"1":{"start":{"line":10,"column":4},"end":{"line":20,"column":5}}},"fnMap":{"0":{"name":"PerfilStack","decl":{"start":{"line":9,"column":24},"end":{"line":9,"column":35}},"loc":{"start":{"line":9,"column":38},"end":{"line":22,"column":1}},"line":9}},"branchMap":{},"s":{"0":1,"1":0},"f":{"0":0},"b":{},"_coverageSchema":"1a1c01bbd47fc00a2c39e90264f33305004495a9","hash":"96a33b76f4085a98efb3398ab55780fcb96e7525"}
,"C:\\Users\\Lucas\\Desktop\\marenas-app\\app\\navigations\\ReservarStack.js": {"path":"C:\\Users\\Lucas\\Desktop\\marenas-app\\app\\navigations\\ReservarStack.js","statementMap":{"0":{"start":{"line":7,"column":14},"end":{"line":7,"column":36}},"1":{"start":{"line":10,"column":4},"end":{"line":20,"column":5}}},"fnMap":{"0":{"name":"ReservarStack","decl":{"start":{"line":9,"column":24},"end":{"line":9,"column":37}},"loc":{"start":{"line":9,"column":40},"end":{"line":22,"column":1}},"line":9}},"branchMap":{},"s":{"0":1,"1":1},"f":{"0":1},"b":{},"_coverageSchema":"1a1c01bbd47fc00a2c39e90264f33305004495a9","hash":"8910bbcf7642376b60552ce7e6893f887cc9c5a9"}
,"C:\\Users\\Lucas\\Desktop\\marenas-app\\app\\screens\\Misviajes.js": {"path":"C:\\Users\\Lucas\\Desktop\\marenas-app\\app\\screens\\Misviajes.js","statementMap":{"0":{"start":{"line":5,"column":4},"end":{"line":10,"column":5}}},"fnMap":{"0":{"name":"Misviajes","decl":{"start":{"line":4,"column":24},"end":{"line":4,"column":33}},"loc":{"start":{"line":4,"column":36},"end":{"line":11,"column":1}},"line":4}},"branchMap":{},"s":{"0":0},"f":{"0":0},"b":{},"_coverageSchema":"1a1c01bbd47fc00a2c39e90264f33305004495a9","hash":"02f2bccde1970b4977888cf2ff63a662b43db7d3"}
,"C:\\Users\\Lucas\\Desktop\\marenas-app\\app\\screens\\Notificaciones.js": {"path":"C:\\Users\\Lucas\\Desktop\\marenas-app\\app\\screens\\Notificaciones.js","statementMap":{"0":{"start":{"line":5,"column":4},"end":{"line":10,"column":5}}},"fnMap":{"0":{"name":"Notificaciones","decl":{"start":{"line":4,"column":24},"end":{"line":4,"column":38}},"loc":{"start":{"line":4,"column":41},"end":{"line":11,"column":1}},"line":4}},"branchMap":{},"s":{"0":0},"f":{"0":0},"b":{},"_coverageSchema":"1a1c01bbd47fc00a2c39e90264f33305004495a9","hash":"a401da3e0ee367c2340cef77d7bf60ad43ca11dd"}
,"C:\\Users\\Lucas\\Desktop\\marenas-app\\app\\screens\\Perfil.js": {"path":"C:\\Users\\Lucas\\Desktop\\marenas-app\\app\\screens\\Perfil.js","statementMap":{"0":{"start":{"line":5,"column":4},"end":{"line":10,"column":5}}},"fnMap":{"0":{"name":"Perfil","decl":{"start":{"line":4,"column":24},"end":{"line":4,"column":30}},"loc":{"start":{"line":4,"column":33},"end":{"line":11,"column":1}},"line":4}},"branchMap":{},"s":{"0":0},"f":{"0":0},"b":{},"_coverageSchema":"1a1c01bbd47fc00a2c39e90264f33305004495a9","hash":"9b8e8260c107d5760362ef787328dfc175dbb1aa"}
,"C:\\Users\\Lucas\\Desktop\\marenas-app\\app\\screens\\Reservar.js": {"path":"C:\\Users\\Lucas\\Desktop\\marenas-app\\app\\screens\\Reservar.js","statementMap":{"0":{"start":{"line":5,"column":4},"end":{"line":10,"column":5}}},"fnMap":{"0":{"name":"Reservar","decl":{"start":{"line":4,"column":24},"end":{"line":4,"column":32}},"loc":{"start":{"line":4,"column":35},"end":{"line":11,"column":1}},"line":4}},"branchMap":{},"s":{"0":1},"f":{"0":1},"b":{},"_coverageSchema":"1a1c01bbd47fc00a2c39e90264f33305004495a9","hash":"5ab8e7e6916186922a928bfd4f6d1f0f32082963"}
}
