TN:
SF:App.js
FN:5,App
FNF:1
FNH:1
FNDA:1,App
DA:6,1
LF:1
LH:1
BRF:0
BRH:0
end_of_record
TN:
SF:app\navigations\MisviajesStack.js
FN:9,MisviajesStack
FNF:1
FNH:0
FNDA:0,MisviajesStack
DA:7,1
DA:10,0
LF:2
LH:1
BRF:0
BRH:0
end_of_record
TN:
SF:app\navigations\Navigation.js
FN:13,Navigation
FN:23,(anonymous_1)
FN:24,(anonymous_2)
FN:39,screenOptions
FNF:4
FNH:4
FNDA:1,Navigation
FNDA:4,(anonymous_1)
FNDA:8,(anonymous_2)
FNDA:8,screenOptions
DA:11,1
DA:14,1
DA:23,4
DA:24,8
DA:42,8
DA:45,2
DA:46,2
DA:49,2
DA:50,2
DA:52,2
DA:53,2
DA:56,0
DA:57,0
DA:60,2
DA:61,2
DA:64,0
DA:66,8
LF:17
LH:14
BRDA:42,0,0,2
BRDA:42,0,1,2
BRDA:42,0,2,2
BRDA:42,0,3,0
BRDA:42,0,4,2
BRDA:42,0,5,0
BRDA:72,1,0,4
BRDA:72,1,1,4
BRDA:74,2,0,4
BRDA:74,2,1,4
BRDA:77,3,0,4
BRDA:77,3,1,4
BRF:12
BRH:10
end_of_record
TN:
SF:app\navigations\NotificacionesStack.js
FN:9,NotificacionesStack
FNF:1
FNH:0
FNDA:0,NotificacionesStack
DA:7,1
DA:10,0
LF:2
LH:1
BRF:0
BRH:0
end_of_record
TN:
SF:app\navigations\PerfilStack.js
FN:9,PerfilStack
FNF:1
FNH:0
FNDA:0,PerfilStack
DA:7,1
DA:10,0
LF:2
LH:1
BRF:0
BRH:0
end_of_record
TN:
SF:app\navigations\ReservarStack.js
FN:9,ReservarStack
FNF:1
FNH:1
FNDA:1,ReservarStack
DA:7,1
DA:10,1
LF:2
LH:2
BRF:0
BRH:0
end_of_record
TN:
SF:app\screens\Misviajes.js
FN:4,Misviajes
FNF:1
FNH:0
FNDA:0,Misviajes
DA:5,0
LF:1
LH:0
BRF:0
BRH:0
end_of_record
TN:
SF:app\screens\Notificaciones.js
FN:4,Notificaciones
FNF:1
FNH:0
FNDA:0,Notificaciones
DA:5,0
LF:1
LH:0
BRF:0
BRH:0
end_of_record
TN:
SF:app\screens\Perfil.js
FN:4,Perfil
FNF:1
FNH:0
FNDA:0,Perfil
DA:5,0
LF:1
LH:0
BRF:0
BRH:0
end_of_record
TN:
SF:app\screens\Reservar.js
FN:4,Reservar
FNF:1
FNH:1
FNDA:1,Reservar
DA:5,1
LF:1
LH:1
BRF:0
BRH:0
end_of_record
